<?xml version="1.0" encoding="UTF-8"?>
<!-- Generated by org.testng.reporters.JUnitXMLReporter -->
<testsuite ignored="0" hostname="DESKTOP-LDONCEU" failures="0" tests="4" name="Default test" time="13.604" errors="0" timestamp="2022-12-12T09:26:19 ICT">
  <testcase classname="runTest.AddCustomerTest" name="login" time="1.765"/>
  <testcase classname="runTest.AddCustomerTest" name="testcas1" time="4.086"/>
  <testcase classname="runTest.AddCustomerTest" name="pbli" time="3.101"/>
  <testcase classname="runTest.AddCustomerTest" name="testCaseClickBtnDetail" time="0.065"/>
</testsuite> <!-- Default test -->
