<?xml version="1.0" encoding="UTF-8"?>
<!-- Generated by org.testng.reporters.JUnitXMLReporter -->
<testsuite ignored="0" hostname="DESKTOP-LDONCEU" failures="0" tests="6" name="Default test" time="17.711" errors="0" timestamp="2022-12-19T17:06:31 ICT">
  <testcase classname="runTest.CustomerOATest" name="login" time="1.823"/>
  <testcase classname="runTest.CustomerOATest" name="linkOA" time="2.173"/>
  <testcase classname="runTest.CustomerOATest" name="searchCustomer" time="2.326"/>
  <testcase classname="runTest.CustomerOATest" name="searchOAID" time="2.256"/>
  <testcase classname="runTest.CustomerOATest" name="reset" time="1.067"/>
  <testcase classname="runTest.CustomerOATest" name="addOaNameExisted" time="5.586"/>
</testsuite> <!-- Default test -->
