<?xml version="1.0" encoding="UTF-8"?>
<!-- Generated by org.testng.reporters.JUnitXMLReporter -->
<testsuite ignored="0" hostname="DESKTOP-LDONCEU" failures="0" tests="7" name="Test" time="13.521" errors="0" timestamp="2023-01-03T14:52:32 ICT">
  <testcase classname="runTest.LoginTest" name="verify" time="2.818"/>
  <testcase classname="runTest.LoginTest" name="login" time="2.103"/>
  <testcase classname="runTest.CustomerAppTest" name="login" time="0.002"/>
  <testcase classname="runTest.CustomerAppTest" name="testcas1" time="2.018"/>
  <testcase classname="runTest.CustomerAppTest" name="publ" time="0.001"/>
  <testcase classname="runTest.CustomerAppTest" name="testName" time="4.015"/>
  <testcase classname="runTest.CustomerAppTest" name="pu" time="0.002"/>
</testsuite> <!-- Test -->
