<?xml version="1.0" encoding="UTF-8"?>
<!-- Generated by org.testng.reporters.JUnitXMLReporter -->
<testsuite ignored="0" hostname="DESKTOP-LDONCEU" failures="0" tests="20" name="Test" time="67.364" errors="0" timestamp="2022-12-21T11:33:43 ICT">
  <testcase classname="runTest.LoginTest" name="verify" time="2.846"/>
  <testcase classname="runTest.LoginTest" name="login" time="1.754"/>
  <testcase classname="runTest.CustomerAppTest" name="login" time="2.012"/>
  <testcase classname="runTest.CustomerAppTest" name="testcas1" time="3.09"/>
  <testcase classname="runTest.CustomerAppTest" name="publ" time="0.019"/>
  <testcase classname="runTest.CustomerAppTest" name="testName" time="4.16"/>
  <testcase classname="runTest.CustomerAppTest" name="pu" time="0.017"/>
  <testcase classname="runTest.AddCustomerTest" name="login" time="1.784"/>
  <testcase classname="runTest.AddCustomerTest" name="testcas1" time="4.076"/>
  <testcase classname="runTest.AddCustomerTest" name="pbli" time="7.398"/>
  <testcase classname="runTest.AddCustomerTest" name="testCaseUpdate" time="3.782"/>
  <testcase classname="runTest.CustomerOATest" name="login" time="1.975"/>
  <testcase classname="runTest.CustomerOATest" name="linkOA" time="2.147"/>
  <testcase classname="runTest.CustomerOATest" name="searchCustomer" time="2.263"/>
  <testcase classname="runTest.CustomerOATest" name="searchOAID" time="2.157"/>
  <testcase classname="runTest.CustomerOATest" name="reset" time="1.072"/>
  <testcase classname="runTest.CustomerOATest" name="checkStatus" time="4.421"/>
  <testcase classname="runTest.CustomerOATest" name="addOaNameExisted" time="5.641"/>
  <testcase classname="runTest.CustomerOATest" name="editOA" time="5.613"/>
  <testcase classname="runTest.CustomerOATest" name="detailOA" time="3.119"/>
</testsuite> <!-- Test -->
