<?xml version="1.0" encoding="UTF-8"?>
<testng-results ignored="0" total="4" passed="4" failed="0" skipped="0">
  <reporter-output>
  </reporter-output>
  <suite started-at="2022-12-29T14:47:32 ICT" name="Default suite" finished-at="2022-12-29T14:47:48 ICT" duration-ms="15465">
    <groups>
    </groups>
    <test started-at="2022-12-29T14:47:32 ICT" name="Default test" finished-at="2022-12-29T14:47:48 ICT" duration-ms="15465">
      <class name="runTest.CampaignTest">
        <test-method is-config="true" signature="beforeClass()[pri:0, instance:runTest.CampaignTest@2c1b194a]" started-at="2022-12-29T14:47:32 ICT" name="beforeClass" finished-at="2022-12-29T14:47:35 ICT" duration-ms="2365" status="PASS">
          <reporter-output>
          </reporter-output>
        </test-method> <!-- beforeClass -->
        <test-method signature="login()[pri:1, instance:runTest.CampaignTest@2c1b194a]" started-at="2022-12-29T14:47:35 ICT" name="login" finished-at="2022-12-29T14:47:36 ICT" duration-ms="1842" status="PASS">
          <reporter-output>
          </reporter-output>
        </test-method> <!-- login -->
        <test-method signature="goToCampaignPage()[pri:2, instance:runTest.CampaignTest@2c1b194a]" started-at="2022-12-29T14:47:36 ICT" name="goToCampaignPage" finished-at="2022-12-29T14:47:38 ICT" duration-ms="1124" status="PASS">
          <reporter-output>
          </reporter-output>
        </test-method> <!-- goToCampaignPage -->
        <test-method signature="search()[pri:3, instance:runTest.CampaignTest@2c1b194a]" started-at="2022-12-29T14:47:38 ICT" name="search" finished-at="2022-12-29T14:47:44 ICT" duration-ms="6958" status="PASS">
          <reporter-output>
          </reporter-output>
        </test-method> <!-- search -->
        <test-method signature="detail()[pri:4, instance:runTest.CampaignTest@2c1b194a]" started-at="2022-12-29T14:47:44 ICT" name="detail" finished-at="2022-12-29T14:47:48 ICT" duration-ms="3133" status="PASS">
          <reporter-output>
          </reporter-output>
        </test-method> <!-- detail -->
      </class> <!-- runTest.CampaignTest -->
    </test> <!-- Default test -->
  </suite> <!-- Default suite -->
</testng-results>
