<?xml version="1.0" encoding="UTF-8"?>
<testng-results ignored="0" total="6" passed="6" failed="0" skipped="0">
  <reporter-output>
  </reporter-output>
  <suite started-at="2022-12-19T17:06:13 ICT" name="Default suite" finished-at="2022-12-19T17:06:31 ICT" duration-ms="17711">
    <groups>
    </groups>
    <test started-at="2022-12-19T17:06:13 ICT" name="Default test" finished-at="2022-12-19T17:06:31 ICT" duration-ms="17711">
      <class name="runTest.CustomerOATest">
        <test-method is-config="true" signature="beforeClass()[pri:0, instance:runTest.CustomerOATest@66f57048]" started-at="2022-12-19T17:06:13 ICT" name="beforeClass" finished-at="2022-12-19T17:06:16 ICT" duration-ms="2443" status="PASS">
          <reporter-output>
          </reporter-output>
        </test-method> <!-- beforeClass -->
        <test-method signature="login()[pri:1, instance:runTest.CustomerOATest@66f57048]" started-at="2022-12-19T17:06:16 ICT" name="login" finished-at="2022-12-19T17:06:17 ICT" duration-ms="1823" status="PASS">
          <reporter-output>
          </reporter-output>
        </test-method> <!-- login -->
        <test-method signature="linkOA()[pri:2, instance:runTest.CustomerOATest@66f57048]" started-at="2022-12-19T17:06:17 ICT" name="linkOA" finished-at="2022-12-19T17:06:20 ICT" duration-ms="2173" status="PASS">
          <reporter-output>
          </reporter-output>
        </test-method> <!-- linkOA -->
        <test-method signature="searchCustomer()[pri:3, instance:runTest.CustomerOATest@66f57048]" started-at="2022-12-19T17:06:20 ICT" name="searchCustomer" finished-at="2022-12-19T17:06:22 ICT" duration-ms="2326" status="PASS">
          <reporter-output>
          </reporter-output>
        </test-method> <!-- searchCustomer -->
        <test-method signature="searchOAID()[pri:4, instance:runTest.CustomerOATest@66f57048]" started-at="2022-12-19T17:06:22 ICT" name="searchOAID" finished-at="2022-12-19T17:06:24 ICT" duration-ms="2256" status="PASS">
          <reporter-output>
          </reporter-output>
        </test-method> <!-- searchOAID -->
        <test-method signature="reset()[pri:5, instance:runTest.CustomerOATest@66f57048]" started-at="2022-12-19T17:06:24 ICT" name="reset" finished-at="2022-12-19T17:06:25 ICT" duration-ms="1067" status="PASS">
          <reporter-output>
          </reporter-output>
        </test-method> <!-- reset -->
        <test-method signature="addOaNameExisted()[pri:6, instance:runTest.CustomerOATest@66f57048]" started-at="2022-12-19T17:06:25 ICT" name="addOaNameExisted" finished-at="2022-12-19T17:06:31 ICT" duration-ms="5586" status="PASS">
          <reporter-output>
          </reporter-output>
        </test-method> <!-- addOaNameExisted -->
      </class> <!-- runTest.CustomerOATest -->
    </test> <!-- Default test -->
  </suite> <!-- Default suite -->
</testng-results>
